[2022-07-05 22:21:11] [INFO]    [OmnipathR] Initialized cache: `C:\Users\jlinares\AppData\Local\cache\OmnipathR`.
[2022-07-05 22:21:11] [INFO]    [OmnipathR] Welcome to OmnipathR!
[2022-07-05 22:22:05] [TRACE]   [OmnipathR] Loaded data from RDS `C:\Users\jlinares\AppData\Local\cache\OmnipathR/a7b21d9d80a3837a50268df16d168128fc1c6ede-1.rds`.
[2022-07-05 22:22:05] [INFO]    [OmnipathR] Loaded from cache: `https://omnipathdb.org/interactions?genesymbols=yes&datasets=omnipath&organisms=9606&fields=sources,references,curation_effort&license=academic`
[2022-07-05 22:22:06] [SUCCESS] [OmnipathR] Loaded 40014 interactions from cache.
[2022-07-05 22:22:07] [TRACE]   [OmnipathR] Loaded data from RDS `C:\Users\jlinares\AppData\Local\cache\OmnipathR/74bd66f69968c987c91355d0d194bd318f15ef74-1.rds`.
[2022-07-05 22:22:07] [INFO]    [OmnipathR] Loaded from cache: `https://omnipathdb.org/interactions?genesymbols=yes&resources=SIGNOR&datasets=omnipath&organisms=9606&fields=sources,references,curation_effort&license=academic`
[2022-07-05 22:22:07] [SUCCESS] [OmnipathR] Loaded 11816 interactions from cache.
[2022-07-05 22:25:47] [TRACE]   [OmnipathR] Loaded data from RDS `C:\Users\jlinares\AppData\Local\cache\OmnipathR/d5e8cb4fcfd10871ef59abf3b391b0943d968447-1.rds`.
[2022-07-05 22:25:47] [INFO]    [OmnipathR] Loaded from cache: `https://omnipathdb.org/complexes?resources=SIGNOR&license=academic`
[2022-07-05 22:25:47] [SUCCESS] [OmnipathR] Loaded 3195 protein complexes from cache.
[2022-07-06 09:59:37] [TRACE]   [OmnipathR] Loaded data from RDS `C:\Users\jlinares\AppData\Local\cache\OmnipathR/a7b21d9d80a3837a50268df16d168128fc1c6ede-1.rds`.
[2022-07-06 09:59:37] [INFO]    [OmnipathR] Loaded from cache: `https://omnipathdb.org/interactions?genesymbols=yes&datasets=omnipath&organisms=9606&fields=sources,references,curation_effort&license=academic`
[2022-07-06 09:59:38] [SUCCESS] [OmnipathR] Loaded 40014 interactions from cache.
[2022-07-06 09:59:38] [TRACE]   [OmnipathR] Loaded data from RDS `C:\Users\jlinares\AppData\Local\cache\OmnipathR/74bd66f69968c987c91355d0d194bd318f15ef74-1.rds`.
[2022-07-06 09:59:38] [INFO]    [OmnipathR] Loaded from cache: `https://omnipathdb.org/interactions?genesymbols=yes&resources=SIGNOR&datasets=omnipath&organisms=9606&fields=sources,references,curation_effort&license=academic`
[2022-07-06 09:59:39] [SUCCESS] [OmnipathR] Loaded 11816 interactions from cache.
[2022-07-06 09:59:41] [TRACE]   [OmnipathR] Loaded data from RDS `C:\Users\jlinares\AppData\Local\cache\OmnipathR/d5e8cb4fcfd10871ef59abf3b391b0943d968447-1.rds`.
[2022-07-06 09:59:41] [INFO]    [OmnipathR] Loaded from cache: `https://omnipathdb.org/complexes?resources=SIGNOR&license=academic`
[2022-07-06 09:59:41] [SUCCESS] [OmnipathR] Loaded 3195 protein complexes from cache.
